{"contracts/HallOfFame.sol":{"l":{"31":403,"32":403,"33":387,"40":192,"41":187,"151":87,"152":15,"153":13,"156":83,"157":6,"160":83,"161":178,"162":176,"164":79,"165":73,"183":182,"184":182,"185":182,"186":182,"205":3,"206":3,"207":3,"208":3,"227":7,"228":7,"229":7,"230":3,"232":7,"254":4,"255":4,"256":4,"271":4,"272":4,"273":8,"274":6,"276":2,"277":2,"278":2,"293":10,"294":10,"304":1,"314":2,"331":180,"332":180,"333":180,"352":3,"353":3,"354":3,"355":2,"357":3,"372":4,"373":2,"374":2,"375":2,"377":2,"392":7,"393":7,"403":1,"413":2,"429":11,"430":11,"431":33,"433":11,"444":22,"456":6,"457":5,"458":4,"459":3,"460":3,"461":2,"462":2,"463":9,"464":9,"465":9,"467":2,"482":15,"483":7,"500":83,"501":83,"503":83,"522":3,"523":3,"524":3,"525":1,"527":3,"542":2,"543":2,"545":2,"560":8,"561":8,"571":4,"581":2},"path":"/work/room2read/contracts/HallOfFame.sol","s":{"1":403,"2":403,"3":192,"4":87,"5":15,"6":13,"7":83,"8":6,"9":83,"10":178,"11":176,"12":79,"13":73,"14":182,"15":182,"16":182,"17":182,"18":3,"19":3,"20":3,"21":3,"22":7,"23":7,"24":7,"25":3,"26":7,"27":4,"28":4,"29":4,"30":4,"31":4,"32":8,"33":6,"34":2,"35":2,"36":2,"37":10,"38":10,"39":1,"40":2,"41":180,"42":180,"43":180,"44":3,"45":3,"46":3,"47":2,"48":3,"49":4,"50":2,"51":2,"52":2,"53":7,"54":7,"55":1,"56":2,"57":11,"58":11,"59":33,"60":11,"61":22,"62":6,"63":5,"64":4,"65":3,"66":3,"67":2,"68":2,"69":9,"70":9,"71":2,"72":15,"73":7,"74":83,"75":83,"76":83,"77":3,"78":3,"79":3,"80":1,"81":3,"82":2,"83":2,"84":2,"85":8,"86":8,"87":4,"88":2},"b":{"1":[387,16],"2":[187,5],"3":[13,2],"4":[6,77],"5":[176,2],"6":[73,6],"7":[3,4],"8":[6,2],"9":[2,1],"10":[2,2],"11":[5,1],"12":[4,1],"13":[3,1],"14":[1,2]},"f":{"1":403,"2":192,"3":87,"4":182,"5":3,"6":7,"7":4,"8":4,"9":10,"10":1,"11":2,"12":180,"13":3,"14":4,"15":7,"16":1,"17":2,"18":11,"19":22,"20":6,"21":15,"22":83,"23":3,"24":2,"25":8,"26":4,"27":2},"fnMap":{"1":{"name":"onlyAdmin","line":30,"loc":{"start":{"line":30,"column":4},"end":{"line":30,"column":22}}},"2":{"name":"validArraySize","line":39,"loc":{"start":{"line":39,"column":4},"end":{"line":39,"column":57}}},"3":{"name":"linkToGroups","line":141,"loc":{"start":{"line":141,"column":4},"end":{"line":150,"column":5}}},"4":{"name":"addDonator","line":175,"loc":{"start":{"line":175,"column":4},"end":{"line":182,"column":5}}},"5":{"name":"addDonatorAndLinkGroups","line":196,"loc":{"start":{"line":196,"column":4},"end":{"line":204,"column":5}}},"6":{"name":"updateDonator","line":218,"loc":{"start":{"line":218,"column":4},"end":{"line":226,"column":5}}},"7":{"name":"updateDonatorAndLinkGroups","line":243,"loc":{"start":{"line":243,"column":4},"end":{"line":253,"column":5}}},"8":{"name":"removeDonator","line":264,"loc":{"start":{"line":264,"column":4},"end":{"line":270,"column":5}}},"9":{"name":"getDonator","line":287,"loc":{"start":{"line":287,"column":4},"end":{"line":292,"column":7}}},"10":{"name":"nextDonator","line":303,"loc":{"start":{"line":303,"column":4},"end":{"line":303,"column":61}}},"11":{"name":"areDonators","line":313,"loc":{"start":{"line":313,"column":4},"end":{"line":313,"column":82}}},"12":{"name":"addGroup","line":323,"loc":{"start":{"line":323,"column":4},"end":{"line":330,"column":5}}},"13":{"name":"updateGroup","line":343,"loc":{"start":{"line":343,"column":4},"end":{"line":351,"column":5}}},"14":{"name":"removeGroup","line":365,"loc":{"start":{"line":365,"column":4},"end":{"line":371,"column":5}}},"15":{"name":"getGroup","line":386,"loc":{"start":{"line":386,"column":4},"end":{"line":391,"column":7}}},"16":{"name":"nextGroup","line":402,"loc":{"start":{"line":402,"column":4},"end":{"line":402,"column":59}}},"17":{"name":"areGroups","line":412,"loc":{"start":{"line":412,"column":4},"end":{"line":412,"column":80}}},"18":{"name":"areInGroups","line":423,"loc":{"start":{"line":423,"column":4},"end":{"line":428,"column":5}}},"19":{"name":"nextGroupDonator","line":443,"loc":{"start":{"line":443,"column":4},"end":{"line":443,"column":88}}},"20":{"name":"getGroupDonators","line":455,"loc":{"start":{"line":455,"column":4},"end":{"line":455,"column":107}}},"21":{"name":"moveDonator","line":478,"loc":{"start":{"line":478,"column":4},"end":{"line":481,"column":5}}},"22":{"name":"addAdmin","line":492,"loc":{"start":{"line":492,"column":4},"end":{"line":499,"column":5}}},"23":{"name":"updateAdmin","line":513,"loc":{"start":{"line":513,"column":4},"end":{"line":521,"column":5}}},"24":{"name":"removeAdmin","line":535,"loc":{"start":{"line":535,"column":4},"end":{"line":541,"column":5}}},"25":{"name":"getAdmin","line":554,"loc":{"start":{"line":554,"column":4},"end":{"line":559,"column":7}}},"26":{"name":"nextAdmin","line":570,"loc":{"start":{"line":570,"column":4},"end":{"line":570,"column":59}}},"27":{"name":"areAdmins","line":580,"loc":{"start":{"line":580,"column":4},"end":{"line":580,"column":80}}}},"statementMap":{"1":{"start":{"line":31,"column":8},"end":{"line":31,"column":48}},"2":{"start":{"line":32,"column":8},"end":{"line":32,"column":43}},"3":{"start":{"line":40,"column":8},"end":{"line":40,"column":62}},"4":{"start":{"line":151,"column":8},"end":{"line":151,"column":4488}},"5":{"start":{"line":152,"column":12},"end":{"line":152,"column":93}},"6":{"start":{"line":153,"column":12},"end":{"line":153,"column":58}},"7":{"start":{"line":156,"column":8},"end":{"line":156,"column":4711}},"8":{"start":{"line":157,"column":12},"end":{"line":157,"column":77}},"9":{"start":{"line":160,"column":8},"end":{"line":160,"column":4838}},"10":{"start":{"line":161,"column":12},"end":{"line":161,"column":86}},"11":{"start":{"line":162,"column":12},"end":{"line":162,"column":52}},"12":{"start":{"line":164,"column":8},"end":{"line":164,"column":5044}},"13":{"start":{"line":165,"column":12},"end":{"line":165,"column":70}},"14":{"start":{"line":183,"column":8},"end":{"line":183,"column":37}},"15":{"start":{"line":184,"column":8},"end":{"line":184,"column":42}},"16":{"start":{"line":185,"column":8},"end":{"line":185,"column":54}},"17":{"start":{"line":186,"column":8},"end":{"line":186,"column":17}},"18":{"start":{"line":205,"column":8},"end":{"line":205,"column":44}},"19":{"start":{"line":206,"column":8},"end":{"line":206,"column":48}},"20":{"start":{"line":207,"column":8},"end":{"line":207,"column":46}},"21":{"start":{"line":208,"column":8},"end":{"line":208,"column":17}},"22":{"start":{"line":227,"column":8},"end":{"line":227,"column":34}},"23":{"start":{"line":228,"column":8},"end":{"line":228,"column":51}},"24":{"start":{"line":229,"column":8},"end":{"line":229,"column":6612}},"25":{"start":{"line":230,"column":12},"end":{"line":230,"column":50}},"26":{"start":{"line":232,"column":8},"end":{"line":232,"column":44}},"27":{"start":{"line":254,"column":8},"end":{"line":254,"column":45}},"28":{"start":{"line":255,"column":8},"end":{"line":255,"column":56}},"29":{"start":{"line":256,"column":8},"end":{"line":256,"column":18}},"30":{"start":{"line":271,"column":8},"end":{"line":271,"column":47}},"31":{"start":{"line":272,"column":8},"end":{"line":272,"column":7643}},"32":{"start":{"line":273,"column":12},"end":{"line":273,"column":95}},"33":{"start":{"line":274,"column":12},"end":{"line":274,"column":51}},"34":{"start":{"line":276,"column":8},"end":{"line":276,"column":27}},"35":{"start":{"line":277,"column":8},"end":{"line":277,"column":58}},"36":{"start":{"line":278,"column":8},"end":{"line":278,"column":44}},"37":{"start":{"line":293,"column":8},"end":{"line":293,"column":46}},"38":{"start":{"line":294,"column":8},"end":{"line":294,"column":64}},"39":{"start":{"line":304,"column":8},"end":{"line":304,"column":43}},"40":{"start":{"line":314,"column":8},"end":{"line":314,"column":43}},"41":{"start":{"line":331,"column":8},"end":{"line":331,"column":35}},"42":{"start":{"line":332,"column":8},"end":{"line":332,"column":34}},"43":{"start":{"line":333,"column":8},"end":{"line":333,"column":46}},"44":{"start":{"line":352,"column":8},"end":{"line":352,"column":32}},"45":{"start":{"line":353,"column":8},"end":{"line":353,"column":43}},"46":{"start":{"line":354,"column":8},"end":{"line":354,"column":9648}},"47":{"start":{"line":355,"column":12},"end":{"line":355,"column":42}},"48":{"start":{"line":357,"column":8},"end":{"line":357,"column":42}},"49":{"start":{"line":372,"column":8},"end":{"line":372,"column":77}},"50":{"start":{"line":373,"column":8},"end":{"line":373,"column":25}},"51":{"start":{"line":374,"column":8},"end":{"line":374,"column":54}},"52":{"start":{"line":377,"column":8},"end":{"line":377,"column":42}},"53":{"start":{"line":392,"column":8},"end":{"line":392,"column":44}},"54":{"start":{"line":393,"column":8},"end":{"line":393,"column":62}},"55":{"start":{"line":403,"column":8},"end":{"line":403,"column":41}},"56":{"start":{"line":413,"column":8},"end":{"line":413,"column":41}},"57":{"start":{"line":429,"column":8},"end":{"line":429,"column":54}},"58":{"start":{"line":430,"column":8},"end":{"line":430,"column":11453}},"59":{"start":{"line":431,"column":12},"end":{"line":431,"column":64}},"60":{"start":{"line":433,"column":8},"end":{"line":433,"column":21}},"61":{"start":{"line":444,"column":8},"end":{"line":444,"column":60}},"62":{"start":{"line":456,"column":8},"end":{"line":456,"column":62}},"63":{"start":{"line":457,"column":8},"end":{"line":457,"column":46}},"64":{"start":{"line":458,"column":8},"end":{"line":458,"column":64}},"65":{"start":{"line":459,"column":8},"end":{"line":459,"column":49}},"66":{"start":{"line":460,"column":8},"end":{"line":460,"column":60}},"67":{"start":{"line":461,"column":8},"end":{"line":461,"column":18}},"68":{"start":{"line":462,"column":8},"end":{"line":462,"column":12565}},"69":{"start":{"line":463,"column":12},"end":{"line":463,"column":25}},"70":{"start":{"line":464,"column":12},"end":{"line":464,"column":53}},"71":{"start":{"line":467,"column":8},"end":{"line":467,"column":21}},"72":{"start":{"line":482,"column":8},"end":{"line":482,"column":51}},"73":{"start":{"line":483,"column":8},"end":{"line":483,"column":64}},"74":{"start":{"line":500,"column":8},"end":{"line":500,"column":35}},"75":{"start":{"line":501,"column":8},"end":{"line":501,"column":37}},"76":{"start":{"line":503,"column":8},"end":{"line":503,"column":49}},"77":{"start":{"line":522,"column":8},"end":{"line":522,"column":32}},"78":{"start":{"line":523,"column":8},"end":{"line":523,"column":46}},"79":{"start":{"line":524,"column":8},"end":{"line":524,"column":13975}},"80":{"start":{"line":525,"column":12},"end":{"line":525,"column":45}},"81":{"start":{"line":527,"column":8},"end":{"line":527,"column":42}},"82":{"start":{"line":542,"column":8},"end":{"line":542,"column":25}},"83":{"start":{"line":543,"column":8},"end":{"line":543,"column":54}},"84":{"start":{"line":545,"column":8},"end":{"line":545,"column":42}},"85":{"start":{"line":560,"column":8},"end":{"line":560,"column":44}},"86":{"start":{"line":561,"column":8},"end":{"line":561,"column":62}},"87":{"start":{"line":571,"column":8},"end":{"line":571,"column":41}},"88":{"start":{"line":581,"column":8},"end":{"line":581,"column":41}}},"branchMap":{"1":{"line":32,"type":"if","locations":[{"start":{"line":32,"column":8},"end":{"line":32,"column":8}},{"start":{"line":32,"column":8},"end":{"line":32,"column":8}}]},"2":{"line":40,"type":"if","locations":[{"start":{"line":40,"column":8},"end":{"line":40,"column":8}},{"start":{"line":40,"column":8},"end":{"line":40,"column":8}}]},"3":{"line":152,"type":"if","locations":[{"start":{"line":152,"column":12},"end":{"line":152,"column":12}},{"start":{"line":152,"column":12},"end":{"line":152,"column":12}}]},"4":{"line":156,"type":"if","locations":[{"start":{"line":156,"column":8},"end":{"line":156,"column":8}},{"start":{"line":156,"column":8},"end":{"line":156,"column":8}}]},"5":{"line":161,"type":"if","locations":[{"start":{"line":161,"column":12},"end":{"line":161,"column":12}},{"start":{"line":161,"column":12},"end":{"line":161,"column":12}}]},"6":{"line":164,"type":"if","locations":[{"start":{"line":164,"column":8},"end":{"line":164,"column":8}},{"start":{"line":164,"column":8},"end":{"line":164,"column":8}}]},"7":{"line":229,"type":"if","locations":[{"start":{"line":229,"column":8},"end":{"line":229,"column":8}},{"start":{"line":229,"column":8},"end":{"line":229,"column":8}}]},"8":{"line":273,"type":"if","locations":[{"start":{"line":273,"column":12},"end":{"line":273,"column":12}},{"start":{"line":273,"column":12},"end":{"line":273,"column":12}}]},"9":{"line":354,"type":"if","locations":[{"start":{"line":354,"column":8},"end":{"line":354,"column":8}},{"start":{"line":354,"column":8},"end":{"line":354,"column":8}}]},"10":{"line":372,"type":"if","locations":[{"start":{"line":372,"column":8},"end":{"line":372,"column":8}},{"start":{"line":372,"column":8},"end":{"line":372,"column":8}}]},"11":{"line":456,"type":"if","locations":[{"start":{"line":456,"column":8},"end":{"line":456,"column":8}},{"start":{"line":456,"column":8},"end":{"line":456,"column":8}}]},"12":{"line":457,"type":"if","locations":[{"start":{"line":457,"column":8},"end":{"line":457,"column":8}},{"start":{"line":457,"column":8},"end":{"line":457,"column":8}}]},"13":{"line":458,"type":"if","locations":[{"start":{"line":458,"column":8},"end":{"line":458,"column":8}},{"start":{"line":458,"column":8},"end":{"line":458,"column":8}}]},"14":{"line":524,"type":"if","locations":[{"start":{"line":524,"column":8},"end":{"line":524,"column":8}},{"start":{"line":524,"column":8},"end":{"line":524,"column":8}}]}}},"contracts/libs/AddressIndexLib.sol":{"l":{"21":125,"22":121,"31":116,"32":114,"40":131,"41":127,"49":120,"50":118,"63":556,"76":20,"96":114,"97":114,"115":5,"116":5,"117":3,"118":3,"119":3,"130":9,"131":9,"133":5,"134":5},"path":"/work/room2read/contracts/libs/AddressIndexLib.sol","s":{"1":125,"2":116,"3":131,"4":120,"5":556,"6":20,"7":114,"8":114,"9":5,"10":5,"11":3,"12":3,"13":9,"14":9},"b":{"1":[121,4],"2":[114,2],"3":[127,4],"4":[118,2],"5":[3,2],"6":[5,4]},"f":{"1":125,"2":116,"3":131,"4":120,"5":556,"6":20,"7":114,"8":5,"9":9},"fnMap":{"1":{"name":"indexIsAvailable","line":20,"loc":{"start":{"line":20,"column":4},"end":{"line":20,"column":65}}},"2":{"name":"idIsAvailable","line":30,"loc":{"start":{"line":30,"column":4},"end":{"line":30,"column":56}}},"3":{"name":"notEmptyIndex","line":39,"loc":{"start":{"line":39,"column":4},"end":{"line":39,"column":40}}},"4":{"name":"notEmptyId","line":48,"loc":{"start":{"line":48,"column":4},"end":{"line":48,"column":31}}},"5":{"name":"getId","line":58,"loc":{"start":{"line":58,"column":4},"end":{"line":62,"column":5}}},"6":{"name":"getIndex","line":71,"loc":{"start":{"line":71,"column":4},"end":{"line":75,"column":5}}},"7":{"name":"add","line":85,"loc":{"start":{"line":85,"column":4},"end":{"line":95,"column":5}}},"8":{"name":"update","line":106,"loc":{"start":{"line":106,"column":4},"end":{"line":114,"column":5}}},"9":{"name":"remove","line":127,"loc":{"start":{"line":127,"column":4},"end":{"line":129,"column":5}}}},"statementMap":{"1":{"start":{"line":21,"column":8},"end":{"line":21,"column":70}},"2":{"start":{"line":31,"column":8},"end":{"line":31,"column":81}},"3":{"start":{"line":40,"column":8},"end":{"line":40,"column":62}},"4":{"start":{"line":49,"column":8},"end":{"line":49,"column":45}},"5":{"start":{"line":63,"column":8},"end":{"line":63,"column":40}},"6":{"start":{"line":76,"column":8},"end":{"line":76,"column":37}},"7":{"start":{"line":96,"column":8},"end":{"line":96,"column":38}},"8":{"start":{"line":97,"column":8},"end":{"line":97,"column":38}},"9":{"start":{"line":115,"column":8},"end":{"line":115,"column":46}},"10":{"start":{"line":116,"column":8},"end":{"line":116,"column":58}},"11":{"start":{"line":118,"column":8},"end":{"line":118,"column":38}},"12":{"start":{"line":119,"column":8},"end":{"line":119,"column":38}},"13":{"start":{"line":130,"column":8},"end":{"line":130,"column":37}},"14":{"start":{"line":131,"column":8},"end":{"line":131,"column":44}}},"branchMap":{"1":{"line":21,"type":"if","locations":[{"start":{"line":21,"column":8},"end":{"line":21,"column":8}},{"start":{"line":21,"column":8},"end":{"line":21,"column":8}}]},"2":{"line":31,"type":"if","locations":[{"start":{"line":31,"column":8},"end":{"line":31,"column":8}},{"start":{"line":31,"column":8},"end":{"line":31,"column":8}}]},"3":{"line":40,"type":"if","locations":[{"start":{"line":40,"column":8},"end":{"line":40,"column":8}},{"start":{"line":40,"column":8},"end":{"line":40,"column":8}}]},"4":{"line":49,"type":"if","locations":[{"start":{"line":49,"column":8},"end":{"line":49,"column":8}},{"start":{"line":49,"column":8},"end":{"line":49,"column":8}}]},"5":{"line":116,"type":"if","locations":[{"start":{"line":116,"column":8},"end":{"line":116,"column":8}},{"start":{"line":116,"column":8},"end":{"line":116,"column":8}}]},"6":{"line":131,"type":"if","locations":[{"start":{"line":131,"column":8},"end":{"line":131,"column":8}},{"start":{"line":131,"column":8},"end":{"line":131,"column":8}}]}}},"contracts/libs/AddressLib.sol":{"l":{"18":1,"19":1,"21":1,"22":1,"23":1,"24":1,"25":20,"26":20,"28":1},"path":"/work/room2read/contracts/libs/AddressLib.sol","s":{"1":1,"2":1,"3":1,"4":1,"5":1,"6":1,"7":20,"8":20,"9":1},"b":{},"f":{"1":1},"fnMap":{"1":{"name":"addressToString","line":17,"loc":{"start":{"line":17,"column":4},"end":{"line":17,"column":77}}}},"statementMap":{"1":{"start":{"line":18,"column":8},"end":{"line":18,"column":46}},"2":{"start":{"line":19,"column":8},"end":{"line":19,"column":50}},"3":{"start":{"line":21,"column":8},"end":{"line":21,"column":40}},"4":{"start":{"line":22,"column":8},"end":{"line":22,"column":19}},"5":{"start":{"line":23,"column":8},"end":{"line":23,"column":19}},"6":{"start":{"line":24,"column":8},"end":{"line":24,"column":680}},"7":{"start":{"line":25,"column":12},"end":{"line":25,"column":59}},"8":{"start":{"line":26,"column":12},"end":{"line":26,"column":61}},"9":{"start":{"line":28,"column":8},"end":{"line":28,"column":26}}},"branchMap":{}},"contracts/libs/EntityLib.sol":{"l":{"33":73,"34":63,"50":482,"52":482,"58":482,"60":482,"79":16,"80":16,"81":16,"95":14,"96":14,"97":14,"116":33},"path":"/work/room2read/contracts/libs/EntityLib.sol","s":{"1":73,"2":482,"3":482,"4":482,"5":482,"6":16,"7":16,"8":16,"9":14,"10":14,"11":33},"b":{"1":[63,10]},"f":{"1":73,"2":482,"3":16,"4":14,"5":33},"fnMap":{"1":{"name":"inStorage","line":32,"loc":{"start":{"line":32,"column":4},"end":{"line":32,"column":53}}},"2":{"name":"add","line":43,"loc":{"start":{"line":43,"column":4},"end":{"line":49,"column":5}}},"3":{"name":"update","line":70,"loc":{"start":{"line":70,"column":4},"end":{"line":78,"column":5}}},"4":{"name":"remove","line":90,"loc":{"start":{"line":90,"column":4},"end":{"line":94,"column":5}}},"5":{"name":"get","line":107,"loc":{"start":{"line":107,"column":4},"end":{"line":115,"column":5}}}},"statementMap":{"1":{"start":{"line":33,"column":8},"end":{"line":33,"column":78}},"2":{"start":{"line":50,"column":8},"end":{"line":50,"column":43}},"3":{"start":{"line":52,"column":8},"end":{"line":52,"column":1136}},"4":{"start":{"line":58,"column":8},"end":{"line":58,"column":32}},"5":{"start":{"line":60,"column":8},"end":{"line":60,"column":25}},"6":{"start":{"line":79,"column":8},"end":{"line":79,"column":40}},"7":{"start":{"line":80,"column":8},"end":{"line":80,"column":73}},"8":{"start":{"line":81,"column":8},"end":{"line":81,"column":18}},"9":{"start":{"line":96,"column":8},"end":{"line":96,"column":28}},"10":{"start":{"line":97,"column":8},"end":{"line":97,"column":19}},"11":{"start":{"line":116,"column":8},"end":{"line":116,"column":2515}}},"branchMap":{"1":{"line":33,"type":"if","locations":[{"start":{"line":33,"column":8},"end":{"line":33,"column":8}},{"start":{"line":33,"column":8},"end":{"line":33,"column":8}}]}}},"contracts/libs/ListLib.sol":{"l":{"26":1599,"27":1589,"36":1037,"37":1014,"46":1511,"47":1505,"60":734,"74":22,"75":22,"77":22,"79":22,"80":22,"81":22,"83":22,"85":22,"99":749,"100":749,"102":749,"104":749,"105":749,"106":749,"108":749,"110":749,"125":10,"126":8,"127":8,"142":1,"143":1,"156":47,"157":47,"158":47,"160":47,"161":47,"162":47,"163":47,"165":47,"166":47,"167":47,"168":47,"183":110,"198":58,"207":3689,"216":1746,"225":1694,"233":49,"246":2792,"259":13,"260":12,"261":12,"262":79,"264":12},"path":"/work/room2read/contracts/libs/ListLib.sol","s":{"1":1599,"2":1037,"3":1511,"4":734,"5":22,"6":22,"7":22,"8":22,"9":22,"10":22,"11":22,"12":22,"13":749,"14":749,"15":749,"16":749,"17":749,"18":749,"19":749,"20":749,"21":10,"22":8,"23":8,"24":1,"25":1,"26":47,"27":47,"28":47,"29":47,"30":47,"31":47,"32":47,"33":47,"34":110,"35":58,"36":3689,"37":1746,"38":1694,"39":49,"40":2792,"41":13,"42":12,"43":12,"44":79,"45":12},"b":{"1":[1589,10],"2":[1014,23],"3":[1505,6],"4":[8,2],"5":[12,1]},"f":{"1":1599,"2":1037,"3":1511,"4":734,"5":22,"6":749,"7":10,"8":1,"9":47,"10":110,"11":58,"12":3689,"13":1746,"14":1694,"15":49,"16":2792,"17":13},"fnMap":{"1":{"name":"isNotZero","line":25,"loc":{"start":{"line":25,"column":4},"end":{"line":25,"column":30}}},"2":{"name":"shouldExist","line":35,"loc":{"start":{"line":35,"column":4},"end":{"line":35,"column":55}}},"3":{"name":"shouldNotExist","line":45,"loc":{"start":{"line":45,"column":4},"end":{"line":45,"column":58}}},"4":{"name":"add","line":55,"loc":{"start":{"line":55,"column":4},"end":{"line":59,"column":5}}},"5":{"name":"add_after","line":68,"loc":{"start":{"line":68,"column":4},"end":{"line":73,"column":5}}},"6":{"name":"add_before","line":93,"loc":{"start":{"line":93,"column":4},"end":{"line":98,"column":5}}},"7":{"name":"move_after","line":119,"loc":{"start":{"line":119,"column":4},"end":{"line":124,"column":5}}},"8":{"name":"move_before","line":136,"loc":{"start":{"line":136,"column":4},"end":{"line":141,"column":5}}},"9":{"name":"remove","line":151,"loc":{"start":{"line":151,"column":4},"end":{"line":155,"column":5}}},"10":{"name":"getNextId","line":177,"loc":{"start":{"line":177,"column":4},"end":{"line":182,"column":5}}},"11":{"name":"getPrevId","line":192,"loc":{"start":{"line":192,"column":4},"end":{"line":197,"column":5}}},"12":{"name":"generateCurrKey","line":206,"loc":{"start":{"line":206,"column":4},"end":{"line":206,"column":72}}},"13":{"name":"generateNextKey","line":215,"loc":{"start":{"line":215,"column":4},"end":{"line":215,"column":72}}},"14":{"name":"generatePrevKey","line":224,"loc":{"start":{"line":224,"column":4},"end":{"line":224,"column":72}}},"15":{"name":"itemsCount","line":232,"loc":{"start":{"line":232,"column":4},"end":{"line":232,"column":73}}},"16":{"name":"exists","line":241,"loc":{"start":{"line":241,"column":4},"end":{"line":245,"column":5}}},"17":{"name":"statuses","line":254,"loc":{"start":{"line":254,"column":4},"end":{"line":258,"column":5}}}},"statementMap":{"1":{"start":{"line":26,"column":8},"end":{"line":26,"column":46}},"2":{"start":{"line":36,"column":8},"end":{"line":36,"column":76}},"3":{"start":{"line":46,"column":8},"end":{"line":46,"column":81}},"4":{"start":{"line":60,"column":8},"end":{"line":60,"column":31}},"5":{"start":{"line":74,"column":8},"end":{"line":74,"column":56}},"6":{"start":{"line":75,"column":8},"end":{"line":75,"column":46}},"7":{"start":{"line":77,"column":8},"end":{"line":77,"column":47}},"8":{"start":{"line":79,"column":8},"end":{"line":79,"column":47}},"9":{"start":{"line":80,"column":8},"end":{"line":80,"column":44}},"10":{"start":{"line":81,"column":8},"end":{"line":81,"column":48}},"11":{"start":{"line":83,"column":8},"end":{"line":83,"column":37}},"12":{"start":{"line":85,"column":8},"end":{"line":85,"column":37}},"13":{"start":{"line":99,"column":8},"end":{"line":99,"column":56}},"14":{"start":{"line":100,"column":8},"end":{"line":100,"column":46}},"15":{"start":{"line":102,"column":8},"end":{"line":102,"column":47}},"16":{"start":{"line":104,"column":8},"end":{"line":104,"column":48}},"17":{"start":{"line":105,"column":8},"end":{"line":105,"column":47}},"18":{"start":{"line":106,"column":8},"end":{"line":106,"column":44}},"19":{"start":{"line":108,"column":8},"end":{"line":108,"column":37}},"20":{"start":{"line":110,"column":8},"end":{"line":110,"column":37}},"21":{"start":{"line":125,"column":8},"end":{"line":125,"column":58}},"22":{"start":{"line":126,"column":8},"end":{"line":126,"column":24}},"23":{"start":{"line":127,"column":8},"end":{"line":127,"column":36}},"24":{"start":{"line":142,"column":8},"end":{"line":142,"column":24}},"25":{"start":{"line":143,"column":8},"end":{"line":143,"column":37}},"26":{"start":{"line":156,"column":8},"end":{"line":156,"column":48}},"27":{"start":{"line":157,"column":8},"end":{"line":157,"column":48}},"28":{"start":{"line":158,"column":8},"end":{"line":158,"column":48}},"29":{"start":{"line":160,"column":8},"end":{"line":160,"column":42}},"30":{"start":{"line":161,"column":8},"end":{"line":161,"column":42}},"31":{"start":{"line":162,"column":8},"end":{"line":162,"column":50}},"32":{"start":{"line":163,"column":8},"end":{"line":163,"column":50}},"33":{"start":{"line":168,"column":8},"end":{"line":168,"column":37}},"34":{"start":{"line":183,"column":8},"end":{"line":183,"column":46}},"35":{"start":{"line":198,"column":8},"end":{"line":198,"column":46}},"36":{"start":{"line":207,"column":8},"end":{"line":207,"column":55}},"37":{"start":{"line":216,"column":8},"end":{"line":216,"column":55}},"38":{"start":{"line":225,"column":8},"end":{"line":225,"column":55}},"39":{"start":{"line":233,"column":8},"end":{"line":233,"column":25}},"40":{"start":{"line":246,"column":8},"end":{"line":246,"column":65}},"41":{"start":{"line":259,"column":8},"end":{"line":259,"column":70}},"42":{"start":{"line":260,"column":8},"end":{"line":260,"column":54}},"43":{"start":{"line":261,"column":8},"end":{"line":261,"column":6889}},"44":{"start":{"line":262,"column":12},"end":{"line":262,"column":63}},"45":{"start":{"line":264,"column":8},"end":{"line":264,"column":21}}},"branchMap":{"1":{"line":26,"type":"if","locations":[{"start":{"line":26,"column":8},"end":{"line":26,"column":8}},{"start":{"line":26,"column":8},"end":{"line":26,"column":8}}]},"2":{"line":36,"type":"if","locations":[{"start":{"line":36,"column":8},"end":{"line":36,"column":8}},{"start":{"line":36,"column":8},"end":{"line":36,"column":8}}]},"3":{"line":46,"type":"if","locations":[{"start":{"line":46,"column":8},"end":{"line":46,"column":8}},{"start":{"line":46,"column":8},"end":{"line":46,"column":8}}]},"4":{"line":125,"type":"if","locations":[{"start":{"line":125,"column":8},"end":{"line":125,"column":8}},{"start":{"line":125,"column":8},"end":{"line":125,"column":8}}]},"5":{"line":259,"type":"if","locations":[{"start":{"line":259,"column":8},"end":{"line":259,"column":8}},{"start":{"line":259,"column":8},"end":{"line":259,"column":8}}]}}},"contracts/libs/mocks/AddressIndexMock.sol":{"l":{"17":39,"21":8,"25":7,"29":16,"33":5},"path":"/work/room2read/contracts/libs/mocks/AddressIndexMock.sol","s":{"1":39,"2":8,"3":7,"4":16,"5":5},"b":{},"f":{"1":39,"2":8,"3":7,"4":16,"5":5},"fnMap":{"1":{"name":"add","line":16,"loc":{"start":{"line":16,"column":4},"end":{"line":16,"column":49}}},"2":{"name":"update","line":20,"loc":{"start":{"line":20,"column":4},"end":{"line":20,"column":52}}},"3":{"name":"remove","line":24,"loc":{"start":{"line":24,"column":4},"end":{"line":24,"column":42}}},"4":{"name":"getId","line":28,"loc":{"start":{"line":28,"column":4},"end":{"line":28,"column":61}}},"5":{"name":"getIndex","line":32,"loc":{"start":{"line":32,"column":4},"end":{"line":32,"column":61}}}},"statementMap":{"1":{"start":{"line":17,"column":8},"end":{"line":17,"column":31}},"2":{"start":{"line":21,"column":8},"end":{"line":21,"column":34}},"3":{"start":{"line":25,"column":8},"end":{"line":25,"column":29}},"4":{"start":{"line":29,"column":8},"end":{"line":29,"column":36}},"5":{"start":{"line":33,"column":8},"end":{"line":33,"column":36}}},"branchMap":{}},"contracts/libs/mocks/AddressMock.sol":{"l":{"16":1},"path":"/work/room2read/contracts/libs/mocks/AddressMock.sol","s":{"1":1},"b":{},"f":{"1":1},"fnMap":{"1":{"name":"addressToString","line":15,"loc":{"start":{"line":15,"column":4},"end":{"line":15,"column":78}}}},"statementMap":{"1":{"start":{"line":16,"column":8},"end":{"line":16,"column":38}}},"branchMap":{}},"contracts/libs/mocks/EntityMock.sol":{"l":{"18":37,"22":7,"26":14,"30":8,"34":20,"38":3},"path":"/work/room2read/contracts/libs/mocks/EntityMock.sol","s":{"1":37,"2":7,"3":14,"4":8,"5":20,"6":3},"b":{},"f":{"1":37,"2":7,"3":14,"4":8,"5":20,"6":3},"fnMap":{"1":{"name":"add","line":17,"loc":{"start":{"line":17,"column":4},"end":{"line":17,"column":46}}},"2":{"name":"update","line":21,"loc":{"start":{"line":21,"column":4},"end":{"line":21,"column":59}}},"3":{"name":"remove","line":25,"loc":{"start":{"line":25,"column":4},"end":{"line":25,"column":36}}},"4":{"name":"get","line":29,"loc":{"start":{"line":29,"column":4},"end":{"line":29,"column":74}}},"5":{"name":"itemsCount","line":33,"loc":{"start":{"line":33,"column":4},"end":{"line":33,"column":52}}},"6":{"name":"exists","line":37,"loc":{"start":{"line":37,"column":4},"end":{"line":37,"column":55}}}},"statementMap":{"1":{"start":{"line":18,"column":8},"end":{"line":18,"column":22}},"2":{"start":{"line":22,"column":8},"end":{"line":22,"column":30}},"3":{"start":{"line":26,"column":8},"end":{"line":26,"column":23}},"4":{"start":{"line":30,"column":8},"end":{"line":30,"column":28}},"5":{"start":{"line":34,"column":8},"end":{"line":34,"column":37}},"6":{"start":{"line":38,"column":8},"end":{"line":38,"column":36}}},"branchMap":{}},"contracts/libs/mocks/ListMock.sol":{"l":{"17":78,"21":18,"25":18,"29":7,"33":7,"37":19,"41":62,"45":59,"49":29,"53":3,"57":7},"path":"/work/room2read/contracts/libs/mocks/ListMock.sol","s":{"1":78,"2":18,"3":18,"4":7,"5":7,"6":19,"7":62,"8":59,"9":29,"10":3,"11":7},"b":{},"f":{"1":78,"2":18,"3":18,"4":7,"5":7,"6":19,"7":62,"8":59,"9":29,"10":3,"11":7},"fnMap":{"1":{"name":"add","line":16,"loc":{"start":{"line":16,"column":4},"end":{"line":16,"column":33}}},"2":{"name":"add_before","line":20,"loc":{"start":{"line":20,"column":4},"end":{"line":20,"column":54}}},"3":{"name":"add_after","line":24,"loc":{"start":{"line":24,"column":4},"end":{"line":24,"column":53}}},"4":{"name":"move_before","line":28,"loc":{"start":{"line":28,"column":4},"end":{"line":28,"column":55}}},"5":{"name":"move_after","line":32,"loc":{"start":{"line":32,"column":4},"end":{"line":32,"column":54}}},"6":{"name":"remove","line":36,"loc":{"start":{"line":36,"column":4},"end":{"line":36,"column":36}}},"7":{"name":"getNextId","line":40,"loc":{"start":{"line":40,"column":4},"end":{"line":40,"column":59}}},"8":{"name":"getPrevId","line":44,"loc":{"start":{"line":44,"column":4},"end":{"line":44,"column":59}}},"9":{"name":"itemsCount","line":48,"loc":{"start":{"line":48,"column":4},"end":{"line":48,"column":52}}},"10":{"name":"exists","line":52,"loc":{"start":{"line":52,"column":4},"end":{"line":52,"column":56}}},"11":{"name":"statuses","line":56,"loc":{"start":{"line":56,"column":4},"end":{"line":56,"column":79}}}},"statementMap":{"1":{"start":{"line":17,"column":8},"end":{"line":17,"column":20}},"2":{"start":{"line":21,"column":8},"end":{"line":21,"column":36}},"3":{"start":{"line":25,"column":8},"end":{"line":25,"column":35}},"4":{"start":{"line":29,"column":8},"end":{"line":29,"column":37}},"5":{"start":{"line":33,"column":8},"end":{"line":33,"column":36}},"6":{"start":{"line":37,"column":8},"end":{"line":37,"column":23}},"7":{"start":{"line":41,"column":8},"end":{"line":41,"column":34}},"8":{"start":{"line":45,"column":8},"end":{"line":45,"column":34}},"9":{"start":{"line":49,"column":8},"end":{"line":49,"column":32}},"10":{"start":{"line":53,"column":8},"end":{"line":53,"column":31}},"11":{"start":{"line":57,"column":8},"end":{"line":57,"column":34}}},"branchMap":{}},"contracts/libs/mocks/StringIndexMock.sol":{"l":{"17":39,"21":8,"25":7,"29":16,"33":5},"path":"/work/room2read/contracts/libs/mocks/StringIndexMock.sol","s":{"1":39,"2":8,"3":7,"4":16,"5":5},"b":{},"f":{"1":39,"2":8,"3":7,"4":16,"5":5},"fnMap":{"1":{"name":"add","line":16,"loc":{"start":{"line":16,"column":4},"end":{"line":16,"column":57}}},"2":{"name":"update","line":20,"loc":{"start":{"line":20,"column":4},"end":{"line":20,"column":60}}},"3":{"name":"remove","line":24,"loc":{"start":{"line":24,"column":4},"end":{"line":24,"column":50}}},"4":{"name":"getId","line":28,"loc":{"start":{"line":28,"column":4},"end":{"line":28,"column":69}}},"5":{"name":"getIndex","line":32,"loc":{"start":{"line":32,"column":4},"end":{"line":32,"column":67}}}},"statementMap":{"1":{"start":{"line":17,"column":8},"end":{"line":17,"column":31}},"2":{"start":{"line":21,"column":8},"end":{"line":21,"column":34}},"3":{"start":{"line":25,"column":8},"end":{"line":25,"column":29}},"4":{"start":{"line":29,"column":8},"end":{"line":29,"column":36}},"5":{"start":{"line":33,"column":8},"end":{"line":33,"column":36}}},"branchMap":{}},"contracts/libs/StringIndexLib.sol":{"l":{"21":408,"22":404,"31":395,"32":395,"33":393,"41":414,"42":414,"43":410,"51":399,"52":397,"65":445,"78":35,"98":393,"99":393,"117":9,"118":9,"119":9,"120":7,"121":7,"122":7,"133":11,"134":11,"136":7,"137":7},"path":"/work/room2read/contracts/libs/StringIndexLib.sol","s":{"1":408,"2":395,"3":395,"4":414,"5":414,"6":399,"7":445,"8":35,"9":393,"10":393,"11":9,"12":9,"13":9,"14":7,"15":7,"16":11,"17":11},"b":{"1":[404,4],"2":[393,2],"3":[410,4],"4":[397,2],"5":[7,2],"6":[7,4]},"f":{"1":408,"2":395,"3":414,"4":399,"5":445,"6":35,"7":393,"8":9,"9":11},"fnMap":{"1":{"name":"indexIsAvailable","line":20,"loc":{"start":{"line":20,"column":4},"end":{"line":20,"column":71}}},"2":{"name":"idIsAvailable","line":30,"loc":{"start":{"line":30,"column":4},"end":{"line":30,"column":56}}},"3":{"name":"notEmptyIndex","line":40,"loc":{"start":{"line":40,"column":4},"end":{"line":40,"column":46}}},"4":{"name":"notEmptyId","line":50,"loc":{"start":{"line":50,"column":4},"end":{"line":50,"column":31}}},"5":{"name":"getId","line":60,"loc":{"start":{"line":60,"column":4},"end":{"line":64,"column":5}}},"6":{"name":"getIndex","line":73,"loc":{"start":{"line":73,"column":4},"end":{"line":77,"column":5}}},"7":{"name":"add","line":87,"loc":{"start":{"line":87,"column":4},"end":{"line":97,"column":5}}},"8":{"name":"update","line":108,"loc":{"start":{"line":108,"column":4},"end":{"line":116,"column":5}}},"9":{"name":"remove","line":130,"loc":{"start":{"line":130,"column":4},"end":{"line":132,"column":5}}}},"statementMap":{"1":{"start":{"line":21,"column":8},"end":{"line":21,"column":70}},"2":{"start":{"line":31,"column":8},"end":{"line":31,"column":64}},"3":{"start":{"line":32,"column":8},"end":{"line":32,"column":66}},"4":{"start":{"line":41,"column":8},"end":{"line":41,"column":48}},"5":{"start":{"line":42,"column":8},"end":{"line":42,"column":63}},"6":{"start":{"line":51,"column":8},"end":{"line":51,"column":45}},"7":{"start":{"line":65,"column":8},"end":{"line":65,"column":40}},"8":{"start":{"line":78,"column":8},"end":{"line":78,"column":37}},"9":{"start":{"line":98,"column":8},"end":{"line":98,"column":38}},"10":{"start":{"line":99,"column":8},"end":{"line":99,"column":38}},"11":{"start":{"line":117,"column":8},"end":{"line":117,"column":52}},"12":{"start":{"line":118,"column":8},"end":{"line":118,"column":49}},"13":{"start":{"line":119,"column":8},"end":{"line":119,"column":56}},"14":{"start":{"line":121,"column":8},"end":{"line":121,"column":38}},"15":{"start":{"line":122,"column":8},"end":{"line":122,"column":38}},"16":{"start":{"line":133,"column":8},"end":{"line":133,"column":37}},"17":{"start":{"line":134,"column":8},"end":{"line":134,"column":44}}},"branchMap":{"1":{"line":21,"type":"if","locations":[{"start":{"line":21,"column":8},"end":{"line":21,"column":8}},{"start":{"line":21,"column":8},"end":{"line":21,"column":8}}]},"2":{"line":32,"type":"if","locations":[{"start":{"line":32,"column":8},"end":{"line":32,"column":8}},{"start":{"line":32,"column":8},"end":{"line":32,"column":8}}]},"3":{"line":42,"type":"if","locations":[{"start":{"line":42,"column":8},"end":{"line":42,"column":8}},{"start":{"line":42,"column":8},"end":{"line":42,"column":8}}]},"4":{"line":51,"type":"if","locations":[{"start":{"line":51,"column":8},"end":{"line":51,"column":8}},{"start":{"line":51,"column":8},"end":{"line":51,"column":8}}]},"5":{"line":119,"type":"if","locations":[{"start":{"line":119,"column":8},"end":{"line":119,"column":8}},{"start":{"line":119,"column":8},"end":{"line":119,"column":8}}]},"6":{"line":134,"type":"if","locations":[{"start":{"line":134,"column":8},"end":{"line":134,"column":8}},{"start":{"line":134,"column":8},"end":{"line":134,"column":8}}]}}}}